<?xml version="1.0" encoding="UTF-8"?>
<testsuite xmlns:xsi="http://www.w3.org/2001/XMLSchema-instance" xsi:noNamespaceSchemaLocation="https://maven.apache.org/surefire/maven-surefire-plugin/xsd/surefire-test-report-3.0.xsd" version="3.0" name="TestSuite" time="50.692" tests="5" errors="0" skipped="0" failures="0">
  <properties>
    <property name="java.specification.version" value="17"/>
    <property name="webdriver.chrome.driver" value="C:\Users\VIBIN\.cache\selenium\chromedriver\win64\121.0.6167.85\chromedriver.exe"/>
    <property name="sun.cpu.isalist" value="amd64"/>
    <property name="sun.jnu.encoding" value="Cp1252"/>
    <property name="java.class.path" value="C:\Users\VIBIN\eclipse-workspace\SalesForceAutomation\target\test-classes;C:\Users\VIBIN\eclipse-workspace\SalesForceAutomation\target\classes;C:\Users\VIBIN\.m2\repository\org\apache\poi\poi\5.2.5\poi-5.2.5.jar;C:\Users\VIBIN\.m2\repository\commons-codec\commons-codec\1.16.0\commons-codec-1.16.0.jar;C:\Users\VIBIN\.m2\repository\org\apache\commons\commons-collections4\4.4\commons-collections4-4.4.jar;C:\Users\VIBIN\.m2\repository\org\apache\commons\commons-math3\3.6.1\commons-math3-3.6.1.jar;C:\Users\VIBIN\.m2\repository\commons-io\commons-io\2.15.0\commons-io-2.15.0.jar;C:\Users\VIBIN\.m2\repository\com\zaxxer\SparseBitSet\1.3\SparseBitSet-1.3.jar;C:\Users\VIBIN\.m2\repository\org\apache\poi\poi-ooxml\5.2.5\poi-ooxml-5.2.5.jar;C:\Users\VIBIN\.m2\repository\org\apache\poi\poi-ooxml-lite\5.2.5\poi-ooxml-lite-5.2.5.jar;C:\Users\VIBIN\.m2\repository\org\apache\xmlbeans\xmlbeans\5.2.0\xmlbeans-5.2.0.jar;C:\Users\VIBIN\.m2\repository\org\apache\commons\commons-compress\1.25.0\commons-compress-1.25.0.jar;C:\Users\VIBIN\.m2\repository\com\github\virtuald\curvesapi\1.08\curvesapi-1.08.jar;C:\Users\VIBIN\.m2\repository\org\apache\logging\log4j\log4j-core\2.22.1\log4j-core-2.22.1.jar;C:\Users\VIBIN\.m2\repository\org\seleniumhq\selenium\selenium-java\3.141.59\selenium-java-3.141.59.jar;C:\Users\VIBIN\.m2\repository\org\seleniumhq\selenium\selenium-api\3.141.59\selenium-api-3.141.59.jar;C:\Users\VIBIN\.m2\repository\org\seleniumhq\selenium\selenium-chrome-driver\3.141.59\selenium-chrome-driver-3.141.59.jar;C:\Users\VIBIN\.m2\repository\org\seleniumhq\selenium\selenium-edge-driver\3.141.59\selenium-edge-driver-3.141.59.jar;C:\Users\VIBIN\.m2\repository\org\seleniumhq\selenium\selenium-firefox-driver\3.141.59\selenium-firefox-driver-3.141.59.jar;C:\Users\VIBIN\.m2\repository\org\seleniumhq\selenium\selenium-ie-driver\3.141.59\selenium-ie-driver-3.141.59.jar;C:\Users\VIBIN\.m2\repository\org\seleniumhq\selenium\selenium-opera-driver\3.141.59\selenium-opera-driver-3.141.59.jar;C:\Users\VIBIN\.m2\repository\org\seleniumhq\selenium\selenium-remote-driver\3.141.59\selenium-remote-driver-3.141.59.jar;C:\Users\VIBIN\.m2\repository\org\seleniumhq\selenium\selenium-safari-driver\3.141.59\selenium-safari-driver-3.141.59.jar;C:\Users\VIBIN\.m2\repository\org\seleniumhq\selenium\selenium-support\3.141.59\selenium-support-3.141.59.jar;C:\Users\VIBIN\.m2\repository\net\bytebuddy\byte-buddy\1.8.15\byte-buddy-1.8.15.jar;C:\Users\VIBIN\.m2\repository\org\apache\commons\commons-exec\1.3\commons-exec-1.3.jar;C:\Users\VIBIN\.m2\repository\com\google\guava\guava\25.0-jre\guava-25.0-jre.jar;C:\Users\VIBIN\.m2\repository\com\google\code\findbugs\jsr305\1.3.9\jsr305-1.3.9.jar;C:\Users\VIBIN\.m2\repository\org\checkerframework\checker-compat-qual\2.0.0\checker-compat-qual-2.0.0.jar;C:\Users\VIBIN\.m2\repository\com\google\errorprone\error_prone_annotations\2.1.3\error_prone_annotations-2.1.3.jar;C:\Users\VIBIN\.m2\repository\com\google\j2objc\j2objc-annotations\1.1\j2objc-annotations-1.1.jar;C:\Users\VIBIN\.m2\repository\org\codehaus\mojo\animal-sniffer-annotations\1.14\animal-sniffer-annotations-1.14.jar;C:\Users\VIBIN\.m2\repository\com\squareup\okhttp3\okhttp\3.11.0\okhttp-3.11.0.jar;C:\Users\VIBIN\.m2\repository\com\squareup\okio\okio\1.14.0\okio-1.14.0.jar;C:\Users\VIBIN\.m2\repository\io\github\bonigarcia\webdrivermanager\5.6.3\webdrivermanager-5.6.3.jar;C:\Users\VIBIN\.m2\repository\org\slf4j\slf4j-api\2.0.10\slf4j-api-2.0.10.jar;C:\Users\VIBIN\.m2\repository\com\google\code\gson\gson\2.10.1\gson-2.10.1.jar;C:\Users\VIBIN\.m2\repository\com\github\docker-java\docker-java\3.3.4\docker-java-3.3.4.jar;C:\Users\VIBIN\.m2\repository\com\github\docker-java\docker-java-core\3.3.4\docker-java-core-3.3.4.jar;C:\Users\VIBIN\.m2\repository\com\github\docker-java\docker-java-api\3.3.4\docker-java-api-3.3.4.jar;C:\Users\VIBIN\.m2\repository\com\fasterxml\jackson\core\jackson-annotations\2.10.3\jackson-annotations-2.10.3.jar;C:\Users\VIBIN\.m2\repository\com\fasterxml\jackson\core\jackson-databind\2.10.3\jackson-databind-2.10.3.jar;C:\Users\VIBIN\.m2\repository\com\fasterxml\jackson\core\jackson-core\2.10.3\jackson-core-2.10.3.jar;C:\Users\VIBIN\.m2\repository\org\bouncycastle\bcpkix-jdk18on\1.76\bcpkix-jdk18on-1.76.jar;C:\Users\VIBIN\.m2\repository\org\bouncycastle\bcprov-jdk18on\1.76\bcprov-jdk18on-1.76.jar;C:\Users\VIBIN\.m2\repository\org\bouncycastle\bcutil-jdk18on\1.76\bcutil-jdk18on-1.76.jar;C:\Users\VIBIN\.m2\repository\org\slf4j\jcl-over-slf4j\1.7.30\jcl-over-slf4j-1.7.30.jar;C:\Users\VIBIN\.m2\repository\com\github\docker-java\docker-java-transport-httpclient5\3.3.4\docker-java-transport-httpclient5-3.3.4.jar;C:\Users\VIBIN\.m2\repository\com\github\docker-java\docker-java-transport\3.3.4\docker-java-transport-3.3.4.jar;C:\Users\VIBIN\.m2\repository\net\java\dev\jna\jna\5.13.0\jna-5.13.0.jar;C:\Users\VIBIN\.m2\repository\org\brotli\dec\0.1.2\dec-0.1.2.jar;C:\Users\VIBIN\.m2\repository\org\apache\commons\commons-lang3\3.14.0\commons-lang3-3.14.0.jar;C:\Users\VIBIN\.m2\repository\org\apache\httpcomponents\client5\httpclient5\5.2.1\httpclient5-5.2.1.jar;C:\Users\VIBIN\.m2\repository\org\apache\httpcomponents\core5\httpcore5\5.2\httpcore5-5.2.jar;C:\Users\VIBIN\.m2\repository\org\apache\httpcomponents\core5\httpcore5-h2\5.2\httpcore5-h2-5.2.jar;C:\Users\VIBIN\.m2\repository\org\testng\testng\7.7.1\testng-7.7.1.jar;C:\Users\VIBIN\.m2\repository\com\beust\jcommander\1.82\jcommander-1.82.jar;C:\Users\VIBIN\.m2\repository\org\webjars\jquery\3.6.1\jquery-3.6.1.jar;C:\Users\VIBIN\.m2\repository\org\apache\logging\log4j\log4j-api\2.22.1\log4j-api-2.22.1.jar;C:\Users\VIBIN\.m2\repository\com\aventstack\extentreports\5.0.9\extentreports-5.0.9.jar;C:\Users\VIBIN\.m2\repository\io\reactivex\rxjava3\rxjava\3.0.4\rxjava-3.0.4.jar;C:\Users\VIBIN\.m2\repository\org\reactivestreams\reactive-streams\1.0.3\reactive-streams-1.0.3.jar;C:\Users\VIBIN\.m2\repository\org\freemarker\freemarker\2.3.30\freemarker-2.3.30.jar;C:\Users\VIBIN\.m2\repository\org\projectlombok\lombok\1.18.28\lombok-1.18.28.jar;"/>
    <property name="java.vm.vendor" value="Oracle Corporation"/>
    <property name="sun.arch.data.model" value="64"/>
    <property name="user.variant" value=""/>
    <property name="java.vendor.url" value="https://java.oracle.com/"/>
    <property name="user.timezone" value="America/New_York"/>
    <property name="os.name" value="Windows 10"/>
    <property name="java.vm.specification.version" value="17"/>
    <property name="sun.java.launcher" value="SUN_STANDARD"/>
    <property name="user.country" value="IN"/>
    <property name="sun.boot.library.path" value="C:\Program Files\Java\jdk-17\bin"/>
    <property name="sun.java.command" value="C:\Users\VIBIN\AppData\Local\Temp\surefire14976160377693275207\surefirebooter-20240216201619002_3.jar C:\Users\VIBIN\AppData\Local\Temp\surefire14976160377693275207 2024-02-16T20-16-18_200-jvmRun1 surefire-20240216201619002_1tmp surefire_0-20240216201619002_2tmp"/>
    <property name="jdk.debug" value="release"/>
    <property name="surefire.test.class.path" value="C:\Users\VIBIN\eclipse-workspace\SalesForceAutomation\target\test-classes;C:\Users\VIBIN\eclipse-workspace\SalesForceAutomation\target\classes;C:\Users\VIBIN\.m2\repository\org\apache\poi\poi\5.2.5\poi-5.2.5.jar;C:\Users\VIBIN\.m2\repository\commons-codec\commons-codec\1.16.0\commons-codec-1.16.0.jar;C:\Users\VIBIN\.m2\repository\org\apache\commons\commons-collections4\4.4\commons-collections4-4.4.jar;C:\Users\VIBIN\.m2\repository\org\apache\commons\commons-math3\3.6.1\commons-math3-3.6.1.jar;C:\Users\VIBIN\.m2\repository\commons-io\commons-io\2.15.0\commons-io-2.15.0.jar;C:\Users\VIBIN\.m2\repository\com\zaxxer\SparseBitSet\1.3\SparseBitSet-1.3.jar;C:\Users\VIBIN\.m2\repository\org\apache\poi\poi-ooxml\5.2.5\poi-ooxml-5.2.5.jar;C:\Users\VIBIN\.m2\repository\org\apache\poi\poi-ooxml-lite\5.2.5\poi-ooxml-lite-5.2.5.jar;C:\Users\VIBIN\.m2\repository\org\apache\xmlbeans\xmlbeans\5.2.0\xmlbeans-5.2.0.jar;C:\Users\VIBIN\.m2\repository\org\apache\commons\commons-compress\1.25.0\commons-compress-1.25.0.jar;C:\Users\VIBIN\.m2\repository\com\github\virtuald\curvesapi\1.08\curvesapi-1.08.jar;C:\Users\VIBIN\.m2\repository\org\apache\logging\log4j\log4j-core\2.22.1\log4j-core-2.22.1.jar;C:\Users\VIBIN\.m2\repository\org\seleniumhq\selenium\selenium-java\3.141.59\selenium-java-3.141.59.jar;C:\Users\VIBIN\.m2\repository\org\seleniumhq\selenium\selenium-api\3.141.59\selenium-api-3.141.59.jar;C:\Users\VIBIN\.m2\repository\org\seleniumhq\selenium\selenium-chrome-driver\3.141.59\selenium-chrome-driver-3.141.59.jar;C:\Users\VIBIN\.m2\repository\org\seleniumhq\selenium\selenium-edge-driver\3.141.59\selenium-edge-driver-3.141.59.jar;C:\Users\VIBIN\.m2\repository\org\seleniumhq\selenium\selenium-firefox-driver\3.141.59\selenium-firefox-driver-3.141.59.jar;C:\Users\VIBIN\.m2\repository\org\seleniumhq\selenium\selenium-ie-driver\3.141.59\selenium-ie-driver-3.141.59.jar;C:\Users\VIBIN\.m2\repository\org\seleniumhq\selenium\selenium-opera-driver\3.141.59\selenium-opera-driver-3.141.59.jar;C:\Users\VIBIN\.m2\repository\org\seleniumhq\selenium\selenium-remote-driver\3.141.59\selenium-remote-driver-3.141.59.jar;C:\Users\VIBIN\.m2\repository\org\seleniumhq\selenium\selenium-safari-driver\3.141.59\selenium-safari-driver-3.141.59.jar;C:\Users\VIBIN\.m2\repository\org\seleniumhq\selenium\selenium-support\3.141.59\selenium-support-3.141.59.jar;C:\Users\VIBIN\.m2\repository\net\bytebuddy\byte-buddy\1.8.15\byte-buddy-1.8.15.jar;C:\Users\VIBIN\.m2\repository\org\apache\commons\commons-exec\1.3\commons-exec-1.3.jar;C:\Users\VIBIN\.m2\repository\com\google\guava\guava\25.0-jre\guava-25.0-jre.jar;C:\Users\VIBIN\.m2\repository\com\google\code\findbugs\jsr305\1.3.9\jsr305-1.3.9.jar;C:\Users\VIBIN\.m2\repository\org\checkerframework\checker-compat-qual\2.0.0\checker-compat-qual-2.0.0.jar;C:\Users\VIBIN\.m2\repository\com\google\errorprone\error_prone_annotations\2.1.3\error_prone_annotations-2.1.3.jar;C:\Users\VIBIN\.m2\repository\com\google\j2objc\j2objc-annotations\1.1\j2objc-annotations-1.1.jar;C:\Users\VIBIN\.m2\repository\org\codehaus\mojo\animal-sniffer-annotations\1.14\animal-sniffer-annotations-1.14.jar;C:\Users\VIBIN\.m2\repository\com\squareup\okhttp3\okhttp\3.11.0\okhttp-3.11.0.jar;C:\Users\VIBIN\.m2\repository\com\squareup\okio\okio\1.14.0\okio-1.14.0.jar;C:\Users\VIBIN\.m2\repository\io\github\bonigarcia\webdrivermanager\5.6.3\webdrivermanager-5.6.3.jar;C:\Users\VIBIN\.m2\repository\org\slf4j\slf4j-api\2.0.10\slf4j-api-2.0.10.jar;C:\Users\VIBIN\.m2\repository\com\google\code\gson\gson\2.10.1\gson-2.10.1.jar;C:\Users\VIBIN\.m2\repository\com\github\docker-java\docker-java\3.3.4\docker-java-3.3.4.jar;C:\Users\VIBIN\.m2\repository\com\github\docker-java\docker-java-core\3.3.4\docker-java-core-3.3.4.jar;C:\Users\VIBIN\.m2\repository\com\github\docker-java\docker-java-api\3.3.4\docker-java-api-3.3.4.jar;C:\Users\VIBIN\.m2\repository\com\fasterxml\jackson\core\jackson-annotations\2.10.3\jackson-annotations-2.10.3.jar;C:\Users\VIBIN\.m2\repository\com\fasterxml\jackson\core\jackson-databind\2.10.3\jackson-databind-2.10.3.jar;C:\Users\VIBIN\.m2\repository\com\fasterxml\jackson\core\jackson-core\2.10.3\jackson-core-2.10.3.jar;C:\Users\VIBIN\.m2\repository\org\bouncycastle\bcpkix-jdk18on\1.76\bcpkix-jdk18on-1.76.jar;C:\Users\VIBIN\.m2\repository\org\bouncycastle\bcprov-jdk18on\1.76\bcprov-jdk18on-1.76.jar;C:\Users\VIBIN\.m2\repository\org\bouncycastle\bcutil-jdk18on\1.76\bcutil-jdk18on-1.76.jar;C:\Users\VIBIN\.m2\repository\org\slf4j\jcl-over-slf4j\1.7.30\jcl-over-slf4j-1.7.30.jar;C:\Users\VIBIN\.m2\repository\com\github\docker-java\docker-java-transport-httpclient5\3.3.4\docker-java-transport-httpclient5-3.3.4.jar;C:\Users\VIBIN\.m2\repository\com\github\docker-java\docker-java-transport\3.3.4\docker-java-transport-3.3.4.jar;C:\Users\VIBIN\.m2\repository\net\java\dev\jna\jna\5.13.0\jna-5.13.0.jar;C:\Users\VIBIN\.m2\repository\org\brotli\dec\0.1.2\dec-0.1.2.jar;C:\Users\VIBIN\.m2\repository\org\apache\commons\commons-lang3\3.14.0\commons-lang3-3.14.0.jar;C:\Users\VIBIN\.m2\repository\org\apache\httpcomponents\client5\httpclient5\5.2.1\httpclient5-5.2.1.jar;C:\Users\VIBIN\.m2\repository\org\apache\httpcomponents\core5\httpcore5\5.2\httpcore5-5.2.jar;C:\Users\VIBIN\.m2\repository\org\apache\httpcomponents\core5\httpcore5-h2\5.2\httpcore5-h2-5.2.jar;C:\Users\VIBIN\.m2\repository\org\testng\testng\7.7.1\testng-7.7.1.jar;C:\Users\VIBIN\.m2\repository\com\beust\jcommander\1.82\jcommander-1.82.jar;C:\Users\VIBIN\.m2\repository\org\webjars\jquery\3.6.1\jquery-3.6.1.jar;C:\Users\VIBIN\.m2\repository\org\apache\logging\log4j\log4j-api\2.22.1\log4j-api-2.22.1.jar;C:\Users\VIBIN\.m2\repository\com\aventstack\extentreports\5.0.9\extentreports-5.0.9.jar;C:\Users\VIBIN\.m2\repository\io\reactivex\rxjava3\rxjava\3.0.4\rxjava-3.0.4.jar;C:\Users\VIBIN\.m2\repository\org\reactivestreams\reactive-streams\1.0.3\reactive-streams-1.0.3.jar;C:\Users\VIBIN\.m2\repository\org\freemarker\freemarker\2.3.30\freemarker-2.3.30.jar;C:\Users\VIBIN\.m2\repository\org\projectlombok\lombok\1.18.28\lombok-1.18.28.jar;"/>
    <property name="sun.cpu.endian" value="little"/>
    <property name="user.home" value="C:\Users\VIBIN"/>
    <property name="user.language" value="en"/>
    <property name="java.specification.vendor" value="Oracle Corporation"/>
    <property name="java.version.date" value="2023-10-17"/>
    <property name="java.home" value="C:\Program Files\Java\jdk-17"/>
    <property name="file.separator" value="\"/>
    <property name="style.color" value="always"/>
    <property name="basedir" value="C:\Users\VIBIN\eclipse-workspace\SalesForceAutomation"/>
    <property name="java.vm.compressedOopsMode" value="32-bit"/>
    <property name="line.separator" value="&#10;"/>
    <property name="java.vm.specification.vendor" value="Oracle Corporation"/>
    <property name="java.specification.name" value="Java Platform API Specification"/>
    <property name="surefire.real.class.path" value="C:\Users\VIBIN\AppData\Local\Temp\surefire14976160377693275207\surefirebooter-20240216201619002_3.jar"/>
    <property name="user.script" value=""/>
    <property name="sun.management.compiler" value="HotSpot 64-Bit Tiered Compilers"/>
    <property name="java.runtime.version" value="17.0.9+11-LTS-201"/>
    <property name="user.name" value="VIBIN"/>
    <property name="path.separator" value=";"/>
    <property name="os.version" value="10.0"/>
    <property name="java.runtime.name" value="Java(TM) SE Runtime Environment"/>
    <property name="file.encoding" value="Cp1252"/>
    <property name="java.vm.name" value="Java HotSpot(TM) 64-Bit Server VM"/>
    <property name="localRepository" value="C:\Users\VIBIN\.m2\repository"/>
    <property name="java.vendor.url.bug" value="https://bugreport.java.com/bugreport/"/>
    <property name="java.io.tmpdir" value="C:\Users\VIBIN\AppData\Local\Temp\"/>
    <property name="java.version" value="17.0.9"/>
    <property name="user.dir" value="C:\Users\VIBIN\eclipse-workspace\SalesForceAutomation"/>
    <property name="os.arch" value="amd64"/>
    <property name="java.vm.specification.name" value="Java Virtual Machine Specification"/>
    <property name="sun.os.patch.level" value=""/>
    <property name="native.encoding" value="Cp1252"/>
    <property name="java.library.path" value="C:\Program Files\Java\jdk-17\bin;C:\Windows\Sun\Java\bin;C:\Windows\system32;C:\Windows;C:/Program Files/Java/jdk-17/bin/server;C:/Program Files/Java/jdk-17/bin;C:\Windows\system32;C:\Windows;C:\Windows\System32\Wbem;C:\Windows\System32\WindowsPowerShell\v1.0\;C:\Windows\System32\OpenSSH\;C:\Program Files\Java\jdk-17\bin;C:\Program Files\apache-maven-3.9.6-bin\apache-maven-3.9.6\bin;D:\git\Git\cmd;C:\Users\VIBIN\AppData\Local\Microsoft\WindowsApps;C:\Users\VIBIN\Desktop;;."/>
    <property name="java.vm.info" value="mixed mode, sharing"/>
    <property name="java.vendor" value="Oracle Corporation"/>
    <property name="java.vm.version" value="17.0.9+11-LTS-201"/>
    <property name="sun.io.unicode.encoding" value="UnicodeLittle"/>
    <property name="java.class.version" value="61.0"/>
  </properties>
  <testcase name="testcase1" classname="com.SalesForce.TestScripts.SalesforceLoginAutomationScript" time="3.165">
    <system-out><![CDATA[2024-02-16 20:16:21,052 INFO  ListenersUtility.java:71 - Test has started....................
2024-02-16 20:16:21,406 INFO  BaseTestForSalesForce.java:42 - before method setup executed
2024-02-16 20:16:24,656 INFO  BaseTestForSalesForce.java:65 - browser instance chrome created.
2024-02-16 20:16:24,796 INFO  BaseTestForSalesForce.java:68 - window is maximized
ChromeDriver: chrome on WINDOWS (c250eca53934a4f3af54c14a6ba5de05)
2024-02-16 20:16:26,205 INFO  BaseTestForSalesForce.java:104 - https://login.salesforce.com/is entered
2024-02-16 20:16:26,209 INFO  ListenersUtility.java:22 - testcase1.......test execution started........
2024-02-16 20:16:27,622 INFO  BasePage.java:37 - data is entered in Username textbox textbox
2024-02-16 20:16:28,076 INFO  BasePage.java:37 - data is entered in password field textbox
2024-02-16 20:16:29,180 INFO  BasePage.java:48 - login buttonbutton is clicked
2024-02-16 20:16:29,389 INFO  SalesforceLoginAutomationScript.java:49 - test case 1 passed
]]></system-out>
    <system-err><![CDATA[SLF4J(W): No SLF4J providers were found.
SLF4J(W): Defaulting to no-operation (NOP) logger implementation
SLF4J(W): See https://www.slf4j.org/codes.html#noProviders for further details.
Starting ChromeDriver 121.0.6167.85 (3f98d690ad7e59242ef110144c757b2ac4eef1a2-refs/branch-heads/6167@{#1539}) on port 35894
Only local connections are allowed.
Please see https://chromedriver.chromium.org/security-considerations for suggestions on keeping ChromeDriver safe.
ChromeDriver was started successfully.
Feb 16, 2024 8:16:24 PM org.openqa.selenium.remote.ProtocolHandshake createSession
INFO: Detected dialect: W3C
]]></system-err>
  </testcase>
  <testcase name="testcase2" classname="com.SalesForce.TestScripts.SalesforceLoginAutomationScript" time="10.553">
    <system-out><![CDATA[2024-02-16 20:16:29,394 INFO  ListenersUtility.java:29 - testcase1.......test execution completed with success........
2024-02-16 20:16:29,639 INFO  BaseTestForSalesForce.java:111 - browser instance closed
2024-02-16 20:16:29,639 INFO  BaseTestForSalesForce.java:53 - method ended
2024-02-16 20:16:29,642 INFO  BaseTestForSalesForce.java:42 - before method setup executed
2024-02-16 20:16:30,429 INFO  BaseTestForSalesForce.java:65 - browser instance chrome created.
2024-02-16 20:16:30,566 INFO  BaseTestForSalesForce.java:68 - window is maximized
ChromeDriver: chrome on WINDOWS (d59d2b7b1ac4334462067fd193e016e9)
2024-02-16 20:16:31,299 INFO  BaseTestForSalesForce.java:104 - https://login.salesforce.com/is entered
2024-02-16 20:16:31,300 INFO  ListenersUtility.java:22 - testcase2.......test execution started........
2024-02-16 20:16:31,932 INFO  BasePage.java:37 - data is entered in Username textbox textbox
2024-02-16 20:16:32,615 INFO  BasePage.java:37 - data is entered in password field textbox
2024-02-16 20:16:41,821 INFO  BasePage.java:48 - login buttonbutton is clicked
2024-02-16 20:16:41,851 INFO  SalesforceLoginAutomationScript.java:72 - test case 2 passed
]]></system-out>
    <system-err><![CDATA[Starting ChromeDriver 121.0.6167.85 (3f98d690ad7e59242ef110144c757b2ac4eef1a2-refs/branch-heads/6167@{#1539}) on port 12059
Only local connections are allowed.
Please see https://chromedriver.chromium.org/security-considerations for suggestions on keeping ChromeDriver safe.
ChromeDriver was started successfully.
Feb 16, 2024 8:16:30 PM org.openqa.selenium.remote.ProtocolHandshake createSession
INFO: Detected dialect: W3C
]]></system-err>
  </testcase>
  <testcase name="testcase3" classname="com.SalesForce.TestScripts.SalesforceLoginAutomationScript" time="14.116">
    <system-out><![CDATA[2024-02-16 20:16:41,854 INFO  ListenersUtility.java:29 - testcase2.......test execution completed with success........
2024-02-16 20:16:42,061 INFO  BaseTestForSalesForce.java:111 - browser instance closed
2024-02-16 20:16:42,062 INFO  BaseTestForSalesForce.java:53 - method ended
2024-02-16 20:16:42,063 INFO  BaseTestForSalesForce.java:42 - before method setup executed
2024-02-16 20:16:42,932 INFO  BaseTestForSalesForce.java:65 - browser instance chrome created.
2024-02-16 20:16:43,056 INFO  BaseTestForSalesForce.java:68 - window is maximized
ChromeDriver: chrome on WINDOWS (7ec849b5728cc5b2b70c3ef9327c1ed0)
2024-02-16 20:16:43,664 INFO  BaseTestForSalesForce.java:104 - https://login.salesforce.com/is entered
2024-02-16 20:16:43,667 INFO  ListenersUtility.java:22 - testcase3.......test execution started........
2024-02-16 20:16:44,248 INFO  BasePage.java:37 - data is entered in Username textbox textbox
2024-02-16 20:16:44,825 INFO  BasePage.java:37 - data is entered in password field textbox
2024-02-16 20:16:44,984 INFO  BasePage.java:48 - remember mebutton is clicked
2024-02-16 20:16:51,794 INFO  BasePage.java:48 - login buttonbutton is clicked
2024-02-16 20:16:53,153 INFO  BasePage.java:48 - user dropdownbutton is clicked
2024-02-16 20:16:54,225 INFO  BasePage.java:48 - logoutbutton is clicked
vidhya@tekarch.com
2024-02-16 20:16:57,786 INFO  SalesforceLoginAutomationScript.java:105 - test case 3 passed
]]></system-out>
    <system-err><![CDATA[Starting ChromeDriver 121.0.6167.85 (3f98d690ad7e59242ef110144c757b2ac4eef1a2-refs/branch-heads/6167@{#1539}) on port 44009
Only local connections are allowed.
Please see https://chromedriver.chromium.org/security-considerations for suggestions on keeping ChromeDriver safe.
ChromeDriver was started successfully.
Feb 16, 2024 8:16:42 PM org.openqa.selenium.remote.ProtocolHandshake createSession
INFO: Detected dialect: W3C
]]></system-err>
  </testcase>
  <testcase name="testcase4A" classname="com.SalesForce.TestScripts.SalesforceLoginAutomationScript" time="6.104">
    <system-out><![CDATA[2024-02-16 20:16:57,787 INFO  ListenersUtility.java:29 - testcase3.......test execution completed with success........
2024-02-16 20:16:57,943 INFO  BaseTestForSalesForce.java:111 - browser instance closed
2024-02-16 20:16:57,943 INFO  BaseTestForSalesForce.java:53 - method ended
2024-02-16 20:16:57,945 INFO  BaseTestForSalesForce.java:42 - before method setup executed
2024-02-16 20:16:58,747 INFO  BaseTestForSalesForce.java:65 - browser instance chrome created.
2024-02-16 20:16:58,892 INFO  BaseTestForSalesForce.java:68 - window is maximized
ChromeDriver: chrome on WINDOWS (6669e7e6eaee89fb387c422e5b8e6827)
2024-02-16 20:16:59,564 INFO  BaseTestForSalesForce.java:104 - https://login.salesforce.com/is entered
2024-02-16 20:16:59,565 INFO  ListenersUtility.java:22 - testcase4A.......test execution started........
2024-02-16 20:16:59,774 INFO  BasePage.java:37 - data is entered in Username textbox textbox
2024-02-16 20:17:00,283 INFO  BasePage.java:48 - forgot passwordbutton is clicked
2024-02-16 20:17:00,513 INFO  BasePage.java:37 - data is entered in Username textbox textbox
2024-02-16 20:17:02,546 INFO  BasePage.java:48 - continuebutton is clicked
2024-02-16 20:17:05,665 INFO  BasePage.java:59 - text is extracted from email send confirmation
2024-02-16 20:17:05,667 INFO  SalesforceLoginAutomationScript.java:133 - test case 4A passed
]]></system-out>
    <system-err><![CDATA[Starting ChromeDriver 121.0.6167.85 (3f98d690ad7e59242ef110144c757b2ac4eef1a2-refs/branch-heads/6167@{#1539}) on port 41490
Only local connections are allowed.
Please see https://chromedriver.chromium.org/security-considerations for suggestions on keeping ChromeDriver safe.
ChromeDriver was started successfully.
Feb 16, 2024 8:16:58 PM org.openqa.selenium.remote.ProtocolHandshake createSession
INFO: Detected dialect: W3C
]]></system-err>
  </testcase>
  <testcase name="testcase4B" classname="com.SalesForce.TestScripts.SalesforceLoginAutomationScript" time="2.079">
    <system-out><![CDATA[2024-02-16 20:17:05,668 INFO  ListenersUtility.java:29 - testcase4A.......test execution completed with success........
2024-02-16 20:17:05,827 INFO  BaseTestForSalesForce.java:111 - browser instance closed
2024-02-16 20:17:05,827 INFO  BaseTestForSalesForce.java:53 - method ended
2024-02-16 20:17:05,828 INFO  BaseTestForSalesForce.java:42 - before method setup executed
2024-02-16 20:17:06,760 INFO  BaseTestForSalesForce.java:65 - browser instance chrome created.
2024-02-16 20:17:06,915 INFO  BaseTestForSalesForce.java:68 - window is maximized
ChromeDriver: chrome on WINDOWS (cd3ffb65e832dc722c9b27f773ef440d)
2024-02-16 20:17:07,483 INFO  BaseTestForSalesForce.java:104 - https://login.salesforce.com/is entered
2024-02-16 20:17:07,484 INFO  ListenersUtility.java:22 - testcase4B.......test execution started........
2024-02-16 20:17:08,012 INFO  BasePage.java:37 - data is entered in Username textbox textbox
2024-02-16 20:17:08,648 INFO  BasePage.java:37 - data is entered in password field textbox
2024-02-16 20:17:08,965 INFO  BasePage.java:48 - login buttonbutton is clicked
2024-02-16 20:17:09,166 INFO  BasePage.java:59 - text is extracted from wrong username and password
2024-02-16 20:17:09,563 INFO  BasePage.java:59 - text is extracted from wrong username and password
]]></system-out>
    <system-err><![CDATA[Starting ChromeDriver 121.0.6167.85 (3f98d690ad7e59242ef110144c757b2ac4eef1a2-refs/branch-heads/6167@{#1539}) on port 48696
Only local connections are allowed.
Please see https://chromedriver.chromium.org/security-considerations for suggestions on keeping ChromeDriver safe.
ChromeDriver was started successfully.
Feb 16, 2024 8:17:06 PM org.openqa.selenium.remote.ProtocolHandshake createSession
INFO: Detected dialect: W3C
]]></system-err>
  </testcase>
</testsuite>