<?xml version="1.0" encoding="UTF-8"?>
<!-- Generated by org.testng.reporters.JUnitReportReporter -->
<testsuite hostname="DESKTOP-Q420O00" failures="0" tests="1" name="com.SalesForce.TestScripts.SalesforceLoginAutomationScript" time="5.476" errors="0" timestamp="2024-02-16T20:50:42 GMT-05:00" skipped="0">
  <testcase classname="com.SalesForce.TestScripts.SalesforceLoginAutomationScript" name="testcase4A" time="5.476"/>
  <system-out/>
</testsuite> <!-- com.SalesForce.TestScripts.SalesforceLoginAutomationScript -->
