<?xml version="1.0" encoding="UTF-8"?>
<!-- Generated by org.testng.reporters.JUnitReportReporter -->
<testsuite hostname="DESKTOP-Q420O00" failures="0" tests="5" name="com.SalesForce.TestScripts.SalesforceLoginAutomationScript" time="48.224" errors="0" timestamp="2024-02-16T20:17:10 GMT-05:00" skipped="0">
  <testcase classname="com.SalesForce.TestScripts.SalesforceLoginAutomationScript" name="testcase1" time="8.235"/>
  <system-out/>
  <testcase classname="com.SalesForce.TestScripts.SalesforceLoginAutomationScript" name="testcase4A" time="7.842"/>
  <system-out/>
  <testcase classname="com.SalesForce.TestScripts.SalesforceLoginAutomationScript" name="testcase4B" time="3.853"/>
  <system-out/>
  <testcase classname="com.SalesForce.TestScripts.SalesforceLoginAutomationScript" name="testcase2" time="12.414"/>
  <system-out/>
  <testcase classname="com.SalesForce.TestScripts.SalesforceLoginAutomationScript" name="testcase3" time="15.880"/>
  <system-out/>
</testsuite> <!-- com.SalesForce.TestScripts.SalesforceLoginAutomationScript -->
